<?xml version="1.0" encoding="UTF-8"?>
<!-- Generated by org.testng.reporters.JUnitReportReporter -->
<testsuite skipped="0" hostname="ET-PC9" name="testcases.test1" tests="1" failures="0" timestamp="01 Oct 2019 00:41:14 GMT" time="3.471" errors="0">
  <testcase name="clickoncategorylink" time="3.471" classname="testcases.test1"/>
</testsuite> <!-- testcases.test1 -->
