<?xml version="1.0" encoding="UTF-8"?>
<!-- Generated by org.testng.reporters.JUnitReportReporter -->
<testsuite skipped="0" hostname="ET-PC9" name="testcases.GuestUserendtoendtransaction" tests="1" failures="0" timestamp="14 Jan 2020 19:37:18 GMT" time="142.322" errors="0">
  <testcase name="guestuserorder" time="142.322" classname="testcases.GuestUserendtoendtransaction"/>
</testsuite> <!-- testcases.GuestUserendtoendtransaction -->
