<?xml version="1.0" encoding="UTF-8"?>
<!-- Generated by org.testng.reporters.JUnitReportReporter -->
<testsuite skipped="0" hostname="ET-PC9" name="pages.TakeScreenshots" tests="1" failures="0" timestamp="04 Mar 2020 22:54:50 GMT" time="12.537" errors="0">
  <testcase name="PassFailscreenshots" time="12.537" classname="pages.TakeScreenshots"/>
</testsuite> <!-- pages.TakeScreenshots -->
