<?xml version="1.0" encoding="UTF-8"?>
<!-- Generated by org.testng.reporters.JUnitReportReporter -->
<testsuite skipped="0" hostname="ET-PC9" name="testcases.SigninasLogegdinuser" tests="1" failures="0" timestamp="14 Jan 2020 19:30:38 GMT" time="128.123" errors="0">
  <testcase name="clickoncategorylink" time="128.123" classname="testcases.SigninasLogegdinuser"/>
</testsuite> <!-- testcases.SigninasLogegdinuser -->
