<?xml version="1.0" encoding="UTF-8"?>
<!-- Generated by org.testng.reporters.JUnitReportReporter -->
<testsuite skipped="0" hostname="ET-PC9" name="testcases.AboutusPage" tests="1" failures="0" timestamp="01 Oct 2019 00:48:16 GMT" time="0.150" errors="0">
  <testcase name="Aboutus" time="0.150" classname="testcases.AboutusPage"/>
</testsuite> <!-- testcases.AboutusPage -->
