<?xml version="1.0" encoding="UTF-8"?>
<!-- Generated by org.testng.reporters.JUnitReportReporter -->
<testsuite skipped="0" hostname="ET-PC9" name="pages.testextent" tests="3" failures="0" timestamp="24 Oct 2019 01:30:40 GMT" time="0.357" errors="0">
  <testcase name="testreport2" time="0.040" classname="pages.testextent"/>
  <testcase name="testreport" time="0.270" classname="pages.testextent"/>
  <testcase name="testreport3" time="0.047" classname="pages.testextent"/>
</testsuite> <!-- pages.testextent -->
