<?xml version="1.0" encoding="UTF-8"?>
<!-- Generated by org.testng.reporters.JUnitReportReporter -->
<testsuite skipped="0" hostname="ET-PC9" name="extentReportListener.ExtentReportBasicDemo" tests="1" failures="0" timestamp="23 Oct 2019 00:14:31 GMT" time="10.471" errors="0">
  <testcase name="extentreportexecute" time="10.471" classname="extentReportListener.ExtentReportBasicDemo"/>
</testsuite> <!-- extentReportListener.ExtentReportBasicDemo -->
