<?xml version="1.0" encoding="UTF-8"?>
<!-- Generated by org.testng.reporters.JUnitReportReporter -->
<testsuite skipped="0" hostname="ET-PC9" name="pages.encoderdecoder" tests="1" failures="0" timestamp="19 Mar 2020 22:42:04 GMT" time="0.011" errors="0">
  <testcase name="Embeddedimage" time="0.011" classname="pages.encoderdecoder"/>
</testsuite> <!-- pages.encoderdecoder -->
