<?xml version="1.0" encoding="UTF-8"?>
<!-- Generated by org.testng.reporters.JUnitReportReporter -->
<testsuite skipped="0" hostname="ET-PC9" name="testcases.All_testcases" tests="1" failures="0" timestamp="07 Jun 2021 21:26:40 GMT" time="1647.152" errors="0">
  <testcase name="testcase_Guestuser" time="1647.152" classname="testcases.All_testcases"/>
</testsuite> <!-- testcases.All_testcases -->
