<?xml version="1.0" encoding="UTF-8"?>
<!-- Generated by org.testng.reporters.JUnitReportReporter -->
<testsuite skipped="0" hostname="ET-PC9" name="BaseClass.excelDataDrivenTesting" tests="1" failures="0" timestamp="04 Nov 2019 02:34:10 GMT" time="0.485" errors="0">
  <testcase name="callexcel" time="0.485" classname="BaseClass.excelDataDrivenTesting"/>
</testsuite> <!-- BaseClass.excelDataDrivenTesting -->
