<?xml version="1.0" encoding="UTF-8"?>
<!-- Generated by org.testng.reporters.JUnitReportReporter -->
<testsuite skipped="0" hostname="ET-PC9" name="testcases.LoginasaGuestUser" tests="1" failures="0" timestamp="02 Oct 2019 22:57:19 GMT" time="3.713" errors="0">
  <testcase name="Guestuserlogin" time="3.713" classname="testcases.LoginasaGuestUser"/>
</testsuite> <!-- testcases.LoginasaGuestUser -->
