<?xml version="1.0" encoding="UTF-8"?>
<!-- Generated by org.testng.reporters.JUnitReportReporter -->
<testsuite skipped="0" hostname="ET-PC9" name="pages.SendEmail" tests="1" failures="0" timestamp="18 Mar 2020 01:27:12 GMT" time="0.008" errors="0">
  <testcase name="callsendemailfunction" time="0.008" classname="pages.SendEmail"/>
</testsuite> <!-- pages.SendEmail -->
