<?xml version="1.0" encoding="UTF-8"?>
<!-- Generated by org.testng.reporters.JUnitReportReporter -->
<testsuite skipped="0" hostname="ET-PC9" name="pages.sendemailpage" tests="1" failures="0" timestamp="04 Mar 2020 22:51:44 GMT" time="85.224" errors="0">
  <testcase name="PassFailscreenshots" time="85.224" classname="pages.sendemailpage"/>
</testsuite> <!-- pages.sendemailpage -->
