<?xml version="1.0" encoding="UTF-8"?>
<!-- Generated by org.testng.reporters.JUnitReportReporter -->
<testsuite skipped="0" hostname="ET-PC9" name="pages.A_Test" tests="1" failures="0" timestamp="29 Jul 2019 23:55:58 GMT" time="30.819" errors="0">
  <testcase name="OpenBrowser" time="30.819" classname="pages.A_Test"/>
</testsuite> <!-- pages.A_Test -->
