<?xml version="1.0" encoding="UTF-8"?>
<!-- Generated by org.testng.reporters.JUnitReportReporter -->
<testsuite skipped="0" hostname="ET-PC9" name="pages.excelmergewithpages" tests="1" failures="0" timestamp="03 Nov 2019 20:40:33 GMT" time="63.958" errors="0">
  <testcase name="Loginn" time="63.958" classname="pages.excelmergewithpages"/>
</testsuite> <!-- pages.excelmergewithpages -->
