<?xml version="1.0" encoding="UTF-8"?>
<!-- Generated by org.testng.reporters.JUnitReportReporter -->
<testsuite skipped="0" hostname="ET-PC9" name="A_Testcode.testcode" tests="2" failures="0" timestamp="25 Sep 2019 23:57:50 GMT" time="26.786" errors="0">
  <testcase name="Searchbox" time="9.303" classname="A_Testcode.testcode"/>
  <testcase name="search" time="17.483" classname="A_Testcode.testcode"/>
</testsuite> <!-- A_Testcode.testcode -->
