<?xml version="1.0" encoding="UTF-8"?>
<!-- Generated by org.testng.reporters.JUnitReportReporter -->
<testsuite skipped="0" hostname="ET-PC9" name="testcases.All_testcases" tests="1" failures="0" timestamp="23 Mar 2020 00:05:43 GMT" time="101.674" errors="0">
  <testcase name="testcase_Jenkinstest" time="101.674" classname="testcases.All_testcases"/>
</testsuite> <!-- testcases.All_testcases -->
